Alvaro, de Souza

Student Number : 8880494

PROG2220: Section #6

Assignment #5:

Current System Date
2023-11-21 10:48:32
*** Task 1, Q1. ***

formatted_list_price	integer_discount_percent	discount_amount	month_day_added
699.00	30	209.70	10-30
1,199.00	30	359.70	12-05
2,517.00	52	1308.84	02-04
489.99	38	186.20	06-01
299.00	0	0.00	07-30
415.00	39	161.85	07-30
799.99	30	240.00	06-01
499.99	25	125.00	07-30
699.99	30	210.00	07-30
799.99	15	120.00	07-30
*** Task 1, Q2. ***

order_date	year	formatted_date	time_12_hour	date_time_format
2015-03-28 09:40:28	2015	Mar-28-2015	09:40:28 AM	03/28/15 09:40
2015-03-28 11:23:20	2015	Mar-28-2015	11:23:20 AM	03/28/15 11:23
2015-03-29 09:44:58	2015	Mar-29-2015	09:44:58 AM	03/29/15 09:44
2015-03-30 15:22:31	2015	Mar-30-2015	03:22:31 PM	03/30/15 15:22
2015-03-31 05:43:11	2015	Mar-31-2015	05:43:11 AM	03/31/15 05:43
2015-03-31 18:37:22	2015	Mar-31-2015	06:37:22 PM	03/31/15 18:37
2015-04-01 23:11:12	2015	Apr-01-2015	11:11:12 PM	04/01/15 23:11
2015-04-02 11:26:38	2015	Apr-02-2015	11:26:38 AM	04/02/15 11:26
2015-04-03 12:22:31	2015	Apr-03-2015	12:22:31 PM	04/03/15 12:22
*** Task 1, Q3. ***

card_number	card_number_length	last_four_digits	masked_card_number
4111111111111111	16	1111	XXXX-XXXX-XXXX-1111
4012888888881881	16	1881	XXXX-XXXX-XXXX-1881
4111111111111111	16	1111	XXXX-XXXX-XXXX-1111
378282246310005	15	0005	XXXX-XXXX-XXXX-0005
4111111111111111	16	1111	XXXX-XXXX-XXXX-1111
6011111111111117	16	1117	XXXX-XXXX-XXXX-1117
5555555555554444	16	4444	XXXX-XXXX-XXXX-4444
4012888888881881	16	1881	XXXX-XXXX-XXXX-1881
4111111111111111	16	1111	XXXX-XXXX-XXXX-1111
*** Task 1, Q4. ***

order_id	order_date	est_ship_date	ship_date	days_to_ship
7	2015-04-01 23:11:12	2015-04-03 23:11:12	2015-04-03 10:21:35	2
8	2015-04-02 11:26:38	2015-04-04 11:26:38	Not Shipped	NULL
9	2015-04-03 12:22:31	2015-04-05 12:22:31	Not Shipped	NULL
*** Task 1, Q5. ***

order_id	order_date	item_price	discount_amount	final_price	quantity	item_total	product_name
1	2015-03-28 09:40:28	1199.00	359.70	839.30	1	1199.00	Gibson Les Paul
2	2015-03-28 11:23:20	489.99	186.20	303.79	1	489.99	Yamaha FG700S
3	2015-03-29 09:44:58	2517.00	1308.84	1208.16	1	2517.00	Gibson SG
3	2015-03-29 09:44:58	415.00	161.85	253.15	1	415.00	Rodriguez Caballero 11
4	2015-03-30 15:22:31	1199.00	359.70	839.30	2	2398.00	Gibson Les Paul
5	2015-03-31 05:43:11	299.00	0.00	299.00	1	299.00	Washburn D10S
6	2015-03-31 18:37:22	299.00	0.00	299.00	1	299.00	Washburn D10S
7	2015-04-01 23:11:12	699.00	209.70	489.30	1	699.00	Fender Stratocaster
7	2015-04-01 23:11:12	799.99	240.00	559.99	1	799.99	Fender Precision
7	2015-04-01 23:11:12	699.99	210.00	489.99	1	699.99	Ludwig 5-piece Drum Set with Cymbals
8	2015-04-02 11:26:38	799.99	120.00	679.99	1	799.99	Tama 5-Piece Drum Set with Cymbals
9	2015-04-03 12:22:31	699.00	209.70	489.30	1	699.00	Fender Stratocaster
*** Task 1, Q6. ***

order_id	product_name	item_total
7	Fender Precision	799.99
7	Fender Stratocaster	699.00
9	Fender Stratocaster	699.00
1	Gibson Les Paul	1199.00
4	Gibson Les Paul	2398.00
3	Gibson SG	2517.00
7	Ludwig 5-piece Drum Set with Cymbals	699.99
3	Rodriguez Caballero 11	415.00
8	Tama 5-Piece Drum Set with Cymbals	799.99
5	Washburn D10S	299.00
6	Washburn D10S	299.00
2	Yamaha FG700S	489.99
*** Task 1, Q7. ***

*** Task 1, Q8. ***

product_name	order_count	order_total
Gibson Les Paul	2	3597.00
Gibson SG	1	2517.00
Fender Stratocaster	2	1398.00
Tama 5-Piece Drum Set with Cymbals	1	799.99
Fender Precision	1	799.99
